2025-10-15 22:08:25,058 - model_building - DEBUG - Data Loaded
2025-10-15 22:08:25,074 - model_building - DEBUG - Initializing RandomForest model with parameters: {'bootstrap': False, 'criterion': 'gini', 'max_features': 'log2', 'n_estimators': 500, 'random_state': 42}
2025-10-15 22:08:25,074 - model_building - DEBUG - Model training started with 8304 samples
2025-10-15 22:08:25,076 - model_building - ERROR - ValueError during model training: Expected 2D array, got 1D array instead:
array=[ 0.  0.  0. ... nan nan nan].
Reshape your data either using array.reshape(-1, 1) if your data has a single feature or array.reshape(1, -1) if it contains a single sample.
2025-10-15 22:08:25,076 - model_building - ERROR - Failed to complete the model building process: Expected 2D array, got 1D array instead:
array=[ 0.  0.  0. ... nan nan nan].
Reshape your data either using array.reshape(-1, 1) if your data has a single feature or array.reshape(1, -1) if it contains a single sample.
2025-10-15 22:11:20,127 - model_building - DEBUG - Data Loaded
2025-10-15 22:11:20,128 - model_building - DEBUG - Initializing RandomForest model with parameters: {'bootstrap': False, 'criterion': 'gini', 'max_features': 'log2', 'n_estimators': 500, 'random_state': 42}
2025-10-15 22:11:20,128 - model_building - DEBUG - Model training started with 8304 samples
2025-10-15 22:11:20,140 - model_building - ERROR - ValueError during model training: Input y contains NaN.
2025-10-15 22:11:20,140 - model_building - ERROR - Failed to complete the model building process: Input y contains NaN.
2025-10-15 22:13:18,779 - model_building - DEBUG - Data Loaded
2025-10-15 22:13:18,779 - model_building - DEBUG - Initializing RandomForest model with parameters: {'bootstrap': False, 'criterion': 'gini', 'max_features': 'log2', 'n_estimators': 500, 'random_state': 42}
2025-10-15 22:13:18,779 - model_building - DEBUG - Model training started with 8304 samples
2025-10-15 22:13:18,779 - model_building - ERROR - ValueError during model training: Input y contains NaN.
2025-10-15 22:13:18,795 - model_building - ERROR - Failed to complete the model building process: Input y contains NaN.
2025-10-15 22:21:24,088 - model_building - DEBUG - Data Loaded
2025-10-15 22:21:24,089 - model_building - DEBUG - Initializing RandomForest model with parameters: {'bootstrap': False, 'criterion': 'gini', 'max_features': 'log2', 'n_estimators': 500, 'random_state': 42}
2025-10-15 22:21:24,089 - model_building - DEBUG - Model training started with 8304 samples
2025-10-15 22:21:24,090 - model_building - ERROR - ValueError during model training: Input y contains NaN.
2025-10-15 22:21:24,090 - model_building - ERROR - Failed to complete the model building process: Input y contains NaN.
2025-10-15 23:04:50,700 - model_building - DEBUG - Data Loaded
2025-10-15 23:04:50,725 - model_building - DEBUG - Initializing RandomForest model with parameters: {'bootstrap': False, 'criterion': 'gini', 'max_features': 'log2', 'n_estimators': 500, 'random_state': 42}
2025-10-15 23:04:50,725 - model_building - DEBUG - Model training started with 4152 samples
2025-10-15 23:04:50,730 - model_building - ERROR - ValueError during model training: Unknown label type: continuous. Maybe you are trying to fit a classifier, which expects discrete classes on a regression target with continuous values.
2025-10-15 23:04:50,730 - model_building - ERROR - Failed to complete the model building process: Unknown label type: continuous. Maybe you are trying to fit a classifier, which expects discrete classes on a regression target with continuous values.
2025-10-15 23:05:46,583 - model_building - DEBUG - Data Loaded
2025-10-15 23:05:46,587 - model_building - DEBUG - Initializing RandomForest model with parameters: {'bootstrap': False, 'criterion': 'gini', 'max_features': 'log2', 'n_estimators': 500, 'random_state': 42}
2025-10-15 23:05:46,587 - model_building - DEBUG - Model training started with 4152 samples
2025-10-15 23:05:54,680 - model_building - DEBUG - Model training completed
2025-10-15 23:05:54,763 - model_building - DEBUG - Model saved to models/model.pkl
